2016-04-04 15:47:49,577 - INFO: Server initialized for eventlet.
2016-04-04 15:47:49,580 - INFO: redis backend initialized.
2016-04-04 15:47:50,408 - INFO: e9e0368e82a54c02833394feccdddd60: Sending packet OPEN data {'pingInterval': 25000, 'pingTimeout': 60000, 'upgrades': ['websocket'], 'sid': 'e9e0368e82a54c02833394feccdddd60'}
2016-04-04 15:47:50,409 - INFO: e9e0368e82a54c02833394feccdddd60: Sending packet MESSAGE data 0
2016-04-04 15:47:50,463 - INFO: e9e0368e82a54c02833394feccdddd60: Received packet MESSAGE data 0/chat
2016-04-04 15:47:50,488 - INFO: e9e0368e82a54c02833394feccdddd60 is entering room honeymoon [/chat]
2016-04-04 15:47:50,499 - INFO: emitting event "my response" to honeymoon [/chat]
2016-04-04 15:47:50,503 - INFO: emitting event "my response" to honeymoon [/chat]
2016-04-04 15:47:50,505 - INFO: emitting event "my response" to honeymoon [/chat]
2016-04-04 15:47:50,507 - INFO: emitting event "my response" to honeymoon [/chat]
2016-04-04 15:47:50,509 - INFO: emitting event "my response" to honeymoon [/chat]
2016-04-04 15:47:50,510 - INFO: emitting event "my response" to honeymoon [/chat]
2016-04-04 15:47:50,513 - INFO: emitting event "my response" to honeymoon [/chat]
2016-04-04 15:47:50,516 - INFO: emitting event "my response" to honeymoon [/chat]
2016-04-04 15:47:50,517 - INFO: emitting event "my response" to honeymoon [/chat]
2016-04-04 15:47:50,519 - INFO: emitting event "my response" to honeymoon [/chat]
2016-04-04 15:47:50,521 - INFO: emitting event "my response" to honeymoon [/chat]
2016-04-04 15:47:50,522 - INFO: emitting event "my response" to all [/chat]
2016-04-04 15:47:50,523 - INFO: emitting event "login" to all [/chat]
2016-04-04 15:47:50,524 - INFO: e9e0368e82a54c02833394feccdddd60: Sending packet MESSAGE data 0/chat
2016-04-04 15:47:50,526 - INFO: e9e0368e82a54c02833394feccdddd60: Received request to upgrade to websocket
2016-04-04 15:47:50,527 - INFO: e9e0368e82a54c02833394feccdddd60: Sending packet MESSAGE data 2/chat,["my response",{"data":"test1[04/04 14:24]: \u7231\u8fea\u751f\u53d1\nAD\u53d1\u53d1\nas\u6253\u53d1\u6253\u53d1\n\n"}]
2016-04-04 15:47:50,528 - INFO: e9e0368e82a54c02833394feccdddd60: Sending packet MESSAGE data 2/chat,["my response",{"data":"test1[04/04 14:25]: \u7231\u8fea\u751f\u53d1\u53d1\n\u5b89\u5e08\u5927\u53d1\u9001\u90fd\u53d1\u597d"}]
2016-04-04 15:47:50,528 - INFO: e9e0368e82a54c02833394feccdddd60: Sending packet MESSAGE data 2/chat,["my response",{"data":"test1[04/04 14:25]: adsfa\nadfaf\n"}]
2016-04-04 15:47:50,529 - INFO: e9e0368e82a54c02833394feccdddd60: Sending packet MESSAGE data 2/chat,["my response",{"data":"test1[04/04 14:26]: adf\nAD\u53d1\u53d1"}]
2016-04-04 15:47:50,529 - INFO: e9e0368e82a54c02833394feccdddd60: Sending packet MESSAGE data 2/chat,["my response",{"data":"test1[04/04 14:26]: adsfa\nAD\u53d1\u987a\u4e30\n\n"}]
2016-04-04 15:47:50,530 - INFO: e9e0368e82a54c02833394feccdddd60: Sending packet MESSAGE data 2/chat,["my response",{"data":"test1[04/04 14:35]: \u6d4b\u8bd5"}]
2016-04-04 15:47:50,530 - INFO: e9e0368e82a54c02833394feccdddd60: Sending packet MESSAGE data 2/chat,["my response",{"data":"test1[04/04 14:42]: \u8fd9\u56de\u884c\u4e86"}]
2016-04-04 15:47:50,530 - INFO: e9e0368e82a54c02833394feccdddd60: Sending packet MESSAGE data 2/chat,["my response",{"data":"test1[04/04 14:42]: \u603b\u7b97\u597d\u4e86"}]
2016-04-04 15:47:50,531 - INFO: e9e0368e82a54c02833394feccdddd60: Sending packet MESSAGE data 2/chat,["my response",{"data":"test1[04/04 14:42]: \u6d4f\u89c8\u5668\u4e0d\u4f1a\u8bb0\u5f55\u8868\u5355\u5386\u53f2\u4e86"}]
2016-04-04 15:47:50,531 - INFO: e9e0368e82a54c02833394feccdddd60: Sending packet MESSAGE data 2/chat,["my response",{"data":"test1[04/04 14:44]: \u6765\u5427"}]
2016-04-04 15:47:50,532 - INFO: e9e0368e82a54c02833394feccdddd60: Sending packet MESSAGE data 2/chat,["my response",{"data":"test1[04/04 14:44]: \u597d\u5566"}]
2016-04-04 15:47:50,532 - INFO: e9e0368e82a54c02833394feccdddd60: Sending packet MESSAGE data 2/chat,["my response",{"data":"test1[15:47] has Connected!"}]
2016-04-04 15:47:50,533 - INFO: e9e0368e82a54c02833394feccdddd60: Sending packet MESSAGE data 2/chat,["login",{"data":"test1"}]
2016-04-04 15:47:50,562 - INFO: e9e0368e82a54c02833394feccdddd60: Sending packet NOOP data None
2016-04-04 15:47:50,615 - INFO: e9e0368e82a54c02833394feccdddd60: Upgrade to websocket successful
2016-04-04 15:48:02,173 - INFO: emitting event "login" to all [/chat]
2016-04-04 15:48:28,892 - INFO: 9d97c3d4280a49529a6a2899e207c556: Sending packet OPEN data {'pingInterval': 25000, 'pingTimeout': 60000, 'upgrades': ['websocket'], 'sid': '9d97c3d4280a49529a6a2899e207c556'}
2016-04-04 15:48:28,893 - INFO: 9d97c3d4280a49529a6a2899e207c556: Sending packet MESSAGE data 0
2016-04-04 15:48:28,940 - INFO: 9d97c3d4280a49529a6a2899e207c556: Received packet MESSAGE data 0/chat
2016-04-04 15:48:28,945 - INFO: 9d97c3d4280a49529a6a2899e207c556 is entering room honeymoon [/chat]
2016-04-04 15:48:28,950 - INFO: emitting event "my response" to honeymoon [/chat]
2016-04-04 15:48:28,952 - INFO: emitting event "my response" to honeymoon [/chat]
2016-04-04 15:48:28,954 - INFO: emitting event "my response" to honeymoon [/chat]
2016-04-04 15:48:28,956 - INFO: emitting event "my response" to honeymoon [/chat]
2016-04-04 15:48:28,957 - INFO: emitting event "my response" to honeymoon [/chat]
2016-04-04 15:48:28,959 - INFO: emitting event "my response" to honeymoon [/chat]
2016-04-04 15:48:28,960 - INFO: emitting event "my response" to honeymoon [/chat]
2016-04-04 15:48:28,962 - INFO: emitting event "my response" to honeymoon [/chat]
2016-04-04 15:48:28,964 - INFO: emitting event "my response" to honeymoon [/chat]
2016-04-04 15:48:28,965 - INFO: emitting event "my response" to honeymoon [/chat]
2016-04-04 15:48:28,967 - INFO: emitting event "my response" to honeymoon [/chat]
2016-04-04 15:48:28,968 - INFO: emitting event "my response" to all [/chat]
2016-04-04 15:48:28,968 - INFO: emitting event "login" to all [/chat]
2016-04-04 15:48:28,969 - INFO: 9d97c3d4280a49529a6a2899e207c556: Sending packet MESSAGE data 0/chat
2016-04-04 15:48:28,970 - INFO: 9d97c3d4280a49529a6a2899e207c556: Sending packet MESSAGE data 2/chat,["my response",{"data":"test1[04/04 14:24]: \u7231\u8fea\u751f\u53d1\nAD\u53d1\u53d1\nas\u6253\u53d1\u6253\u53d1\n\n"}]
2016-04-04 15:48:28,971 - INFO: 9d97c3d4280a49529a6a2899e207c556: Sending packet MESSAGE data 2/chat,["my response",{"data":"test1[04/04 14:25]: \u7231\u8fea\u751f\u53d1\u53d1\n\u5b89\u5e08\u5927\u53d1\u9001\u90fd\u53d1\u597d"}]
2016-04-04 15:48:28,971 - INFO: 9d97c3d4280a49529a6a2899e207c556: Sending packet MESSAGE data 2/chat,["my response",{"data":"test1[04/04 14:25]: adsfa\nadfaf\n"}]
2016-04-04 15:48:28,972 - INFO: 9d97c3d4280a49529a6a2899e207c556: Sending packet MESSAGE data 2/chat,["my response",{"data":"test1[04/04 14:26]: adf\nAD\u53d1\u53d1"}]
2016-04-04 15:48:28,972 - INFO: 9d97c3d4280a49529a6a2899e207c556: Sending packet MESSAGE data 2/chat,["my response",{"data":"test1[04/04 14:26]: adsfa\nAD\u53d1\u987a\u4e30\n\n"}]
2016-04-04 15:48:28,972 - INFO: 9d97c3d4280a49529a6a2899e207c556: Sending packet MESSAGE data 2/chat,["my response",{"data":"test1[04/04 14:35]: \u6d4b\u8bd5"}]
2016-04-04 15:48:28,973 - INFO: 9d97c3d4280a49529a6a2899e207c556: Sending packet MESSAGE data 2/chat,["my response",{"data":"test1[04/04 14:42]: \u8fd9\u56de\u884c\u4e86"}]
2016-04-04 15:48:28,973 - INFO: 9d97c3d4280a49529a6a2899e207c556: Sending packet MESSAGE data 2/chat,["my response",{"data":"test1[04/04 14:42]: \u603b\u7b97\u597d\u4e86"}]
2016-04-04 15:48:28,974 - INFO: 9d97c3d4280a49529a6a2899e207c556: Sending packet MESSAGE data 2/chat,["my response",{"data":"test1[04/04 14:42]: \u6d4f\u89c8\u5668\u4e0d\u4f1a\u8bb0\u5f55\u8868\u5355\u5386\u53f2\u4e86"}]
2016-04-04 15:48:28,974 - INFO: 9d97c3d4280a49529a6a2899e207c556: Sending packet MESSAGE data 2/chat,["my response",{"data":"test1[04/04 14:44]: \u6765\u5427"}]
2016-04-04 15:48:28,974 - INFO: 9d97c3d4280a49529a6a2899e207c556: Sending packet MESSAGE data 2/chat,["my response",{"data":"test1[04/04 14:44]: \u597d\u5566"}]
2016-04-04 15:48:28,975 - INFO: 9d97c3d4280a49529a6a2899e207c556: Sending packet MESSAGE data 2/chat,["my response",{"data":"test1[15:48] has Connected!"}]
2016-04-04 15:48:28,975 - INFO: 9d97c3d4280a49529a6a2899e207c556: Sending packet MESSAGE data 2/chat,["login",{"data":"test1"}]
2016-04-04 15:48:28,976 - INFO: 9d97c3d4280a49529a6a2899e207c556: Received request to upgrade to websocket
2016-04-04 15:48:29,221 - INFO: 9d97c3d4280a49529a6a2899e207c556: Sending packet NOOP data None
2016-04-04 15:48:29,254 - INFO: 9d97c3d4280a49529a6a2899e207c556: Upgrade to websocket successful
2016-04-04 15:48:53,950 - INFO: 9d97c3d4280a49529a6a2899e207c556: Received packet PING data None
2016-04-04 15:48:53,950 - INFO: 9d97c3d4280a49529a6a2899e207c556: Sending packet PONG data None
